TN:
SF:src\entities\in-memory\UserInMemory.ts
FN:21,UserInMemory
FNF:1
FNH:1
FNDA:2,UserInMemory
DA:1,1
DA:2,1
DA:3,1
DA:4,1
DA:5,1
DA:6,1
DA:7,1
DA:8,1
DA:9,1
DA:10,1
DA:11,1
DA:12,1
DA:13,1
DA:14,1
DA:15,1
DA:16,1
DA:17,1
DA:18,1
DA:19,1
DA:20,1
DA:21,1
DA:22,2
DA:23,2
DA:24,2
DA:25,2
DA:26,2
DA:27,2
DA:28,2
DA:29,2
DA:30,2
DA:31,2
DA:32,2
DA:33,2
DA:34,2
DA:35,2
DA:36,1
DA:37,1
DA:38,1
LF:38
LH:38
BRDA:21,0,0,2
BRF:1
BRH:1
end_of_record
TN:
SF:src\entities\in-memory\VirtualAccountInMemory.ts
FN:12,VirtualAccountInMemory
FNF:1
FNH:1
FNDA:3,VirtualAccountInMemory
DA:1,1
DA:2,1
DA:3,1
DA:4,1
DA:5,1
DA:6,1
DA:7,1
DA:8,1
DA:9,1
DA:10,1
DA:11,1
DA:12,1
DA:13,3
DA:14,3
DA:15,3
DA:16,3
DA:17,3
DA:18,3
DA:19,3
DA:20,3
DA:21,1
DA:22,1
DA:23,1
LF:23
LH:23
BRDA:12,0,0,3
BRF:1
BRH:1
end_of_record
TN:
SF:src\errors\AppError.ts
FN:5,AppError
FNF:1
FNH:1
FNDA:4,AppError
DA:1,1
DA:2,1
DA:3,1
DA:4,1
DA:5,1
DA:6,4
DA:7,4
DA:8,4
DA:9,1
DA:10,1
DA:11,1
LF:11
LH:11
BRDA:5,0,0,4
BRF:1
BRH:1
end_of_record
TN:
SF:src\modules\userAccounts\useCases\createUser\CreateUserUseCase.ts
FN:12,CreateUserUseCase
FN:20,execute
FNF:2
FNH:2
FNDA:3,CreateUserUseCase
FNDA:4,execute
DA:1,1
DA:2,1
DA:3,1
DA:4,1
DA:5,1
DA:6,1
DA:7,1
DA:8,1
DA:9,1
DA:10,1
DA:11,1
DA:12,1
DA:13,3
DA:14,3
DA:15,3
DA:16,3
DA:17,3
DA:18,3
DA:19,1
DA:20,1
DA:21,4
DA:22,4
DA:23,4
DA:24,1
DA:25,1
DA:26,3
DA:27,3
DA:28,3
DA:29,4
DA:30,1
DA:31,1
DA:32,2
DA:33,2
DA:34,2
DA:35,2
DA:36,2
DA:37,2
DA:38,2
DA:39,2
DA:40,2
DA:41,1
DA:42,1
DA:43,1
LF:43
LH:43
BRDA:12,0,0,3
BRDA:20,1,0,4
BRDA:23,2,0,1
BRDA:26,3,0,3
BRDA:29,4,0,1
BRDA:31,5,0,2
BRF:6
BRH:6
end_of_record
TN:
SF:src\repositories\in-memory\userAccounts\UsersRepositoryInMemory.ts
FN:6,UsersRepositoryInMemory
FN:9,createUser
FN:23,findByEmail
FNF:3
FNH:3
FNDA:3,UsersRepositoryInMemory
FNDA:2,createUser
FNDA:4,findByEmail
DA:1,1
DA:2,1
DA:3,1
DA:4,1
DA:5,1
DA:6,3
DA:7,3
DA:8,3
DA:9,3
DA:10,2
DA:11,2
DA:12,2
DA:13,2
DA:14,2
DA:15,2
DA:16,2
DA:17,2
DA:18,2
DA:19,2
DA:20,2
DA:21,3
DA:22,3
DA:23,3
DA:24,4
DA:25,3
DA:26,3
DA:27,1
DA:28,1
LF:28
LH:28
BRDA:6,0,0,3
BRDA:9,1,0,2
BRDA:23,2,0,4
BRDA:24,3,0,1
BRF:4
BRH:4
end_of_record
TN:
SF:src\repositories\in-memory\userAccounts\VirtualAccountRepositoryInMemory.ts
FN:6,VirtualAccountRepositoryInMemory
FN:9,createVirtualAccount
FN:22,findByName
FNF:3
FNH:3
FNDA:3,VirtualAccountRepositoryInMemory
FNDA:3,createVirtualAccount
FNDA:3,findByName
DA:1,1
DA:2,1
DA:3,1
DA:4,1
DA:5,1
DA:6,3
DA:7,3
DA:8,3
DA:9,3
DA:10,3
DA:11,3
DA:12,3
DA:13,3
DA:14,3
DA:15,3
DA:16,3
DA:17,3
DA:18,3
DA:19,3
DA:20,3
DA:21,3
DA:22,3
DA:23,3
DA:24,3
DA:25,1
DA:26,1
DA:27,1
LF:27
LH:27
BRDA:6,0,0,3
BRDA:9,1,0,3
BRDA:22,2,0,3
BRDA:23,3,0,1
BRF:4
BRH:4
end_of_record
