TN:
SF:src\entities\in-memory\UserInMemory.ts
FN:21,UserInMemory
FNF:1
FNH:1
FNDA:5,UserInMemory
DA:1,1
DA:2,1
DA:3,1
DA:4,1
DA:5,1
DA:6,1
DA:7,1
DA:8,1
DA:9,1
DA:10,1
DA:11,1
DA:12,1
DA:13,1
DA:14,1
DA:15,1
DA:16,1
DA:17,1
DA:18,1
DA:19,1
DA:20,1
DA:21,1
DA:22,5
DA:23,5
DA:24,5
DA:25,5
DA:26,5
DA:27,5
DA:28,5
DA:29,5
DA:30,5
DA:31,5
DA:32,5
DA:33,5
DA:34,5
DA:35,5
DA:36,1
DA:37,1
DA:38,1
LF:38
LH:38
BRDA:21,0,0,5
BRF:1
BRH:1
end_of_record
TN:
SF:src\entities\in-memory\VirtualAccountInMemory.ts
FN:12,VirtualAccountInMemory
FNF:1
FNH:1
FNDA:6,VirtualAccountInMemory
DA:1,1
DA:2,1
DA:3,1
DA:4,1
DA:5,1
DA:6,1
DA:7,1
DA:8,1
DA:9,1
DA:10,1
DA:11,1
DA:12,1
DA:13,6
DA:14,6
DA:15,6
DA:16,6
DA:17,6
DA:18,6
DA:19,6
DA:20,6
DA:21,1
DA:22,1
DA:23,1
LF:23
LH:23
BRDA:12,0,0,6
BRF:1
BRH:1
end_of_record
TN:
SF:src\errors\AppError.ts
FN:5,AppError
FNF:1
FNH:1
FNDA:8,AppError
DA:1,1
DA:2,1
DA:3,1
DA:4,1
DA:5,1
DA:6,8
DA:7,8
DA:8,8
DA:9,1
DA:10,1
DA:11,1
LF:11
LH:11
BRDA:5,0,0,8
BRF:1
BRH:1
end_of_record
TN:
SF:src\modules\systems\useCases\authentication\AuthenticationUseCase.ts
FN:11,AuthenticationUseCase
FN:16,execute
FNF:2
FNH:2
FNDA:3,AuthenticationUseCase
FNDA:3,execute
DA:1,1
DA:2,1
DA:3,1
DA:4,1
DA:5,1
DA:6,1
DA:7,1
DA:8,1
DA:9,1
DA:10,1
DA:11,1
DA:12,3
DA:13,3
DA:14,3
DA:15,1
DA:16,1
DA:17,3
DA:18,3
DA:19,3
DA:20,1
DA:21,1
DA:22,2
DA:23,2
DA:24,2
DA:25,3
DA:26,1
DA:27,1
DA:28,1
DA:29,1
DA:30,1
DA:31,1
DA:32,1
DA:33,1
DA:34,1
DA:35,1
DA:36,1
DA:37,1
DA:38,1
LF:38
LH:38
BRDA:11,0,0,3
BRDA:16,1,0,3
BRDA:19,2,0,1
BRDA:22,3,0,2
BRDA:25,4,0,1
BRF:5
BRH:5
end_of_record
TN:
SF:src\modules\userAccounts\useCases\createUser\CreateUserUseCase.ts
FN:12,CreateUserUseCase
FN:20,execute
FNF:2
FNH:2
FNDA:6,CreateUserUseCase
FNDA:7,execute
DA:1,1
DA:2,1
DA:3,1
DA:4,1
DA:5,1
DA:6,1
DA:7,1
DA:8,1
DA:9,1
DA:10,1
DA:11,1
DA:12,1
DA:13,6
DA:14,6
DA:15,6
DA:16,6
DA:17,6
DA:18,6
DA:19,1
DA:20,1
DA:21,7
DA:22,7
DA:23,7
DA:24,1
DA:25,1
DA:26,6
DA:27,6
DA:28,6
DA:29,7
DA:30,1
DA:31,1
DA:32,5
DA:33,5
DA:34,5
DA:35,5
DA:36,5
DA:37,5
DA:38,5
DA:39,5
DA:40,5
DA:41,1
DA:42,1
DA:43,1
LF:43
LH:43
BRDA:12,0,0,6
BRDA:20,1,0,7
BRDA:23,2,0,1
BRDA:26,3,0,6
BRDA:29,4,0,1
BRDA:31,5,0,5
BRF:6
BRH:6
end_of_record
TN:
SF:src\repositories\in-memory\userAccounts\UsersRepositoryInMemory.ts
FN:6,UsersRepositoryInMemory
FN:9,createUser
FN:23,findByEmail
FNF:3
FNH:3
FNDA:6,UsersRepositoryInMemory
FNDA:5,createUser
FNDA:10,findByEmail
DA:1,1
DA:2,1
DA:3,1
DA:4,1
DA:5,1
DA:6,6
DA:7,6
DA:8,6
DA:9,6
DA:10,5
DA:11,5
DA:12,5
DA:13,5
DA:14,5
DA:15,5
DA:16,5
DA:17,5
DA:18,5
DA:19,5
DA:20,5
DA:21,6
DA:22,6
DA:23,6
DA:24,10
DA:25,6
DA:26,6
DA:27,1
DA:28,1
LF:28
LH:28
BRDA:6,0,0,6
BRDA:9,1,0,5
BRDA:23,2,0,10
BRDA:24,3,0,4
BRF:4
BRH:4
end_of_record
TN:
SF:src\repositories\in-memory\userAccounts\VirtualAccountRepositoryInMemory.ts
FN:6,VirtualAccountRepositoryInMemory
FN:9,createVirtualAccount
FN:22,findByName
FNF:3
FNH:3
FNDA:6,VirtualAccountRepositoryInMemory
FNDA:6,createVirtualAccount
FNDA:6,findByName
DA:1,1
DA:2,1
DA:3,1
DA:4,1
DA:5,1
DA:6,6
DA:7,6
DA:8,6
DA:9,6
DA:10,6
DA:11,6
DA:12,6
DA:13,6
DA:14,6
DA:15,6
DA:16,6
DA:17,6
DA:18,6
DA:19,6
DA:20,6
DA:21,6
DA:22,6
DA:23,6
DA:24,6
DA:25,1
DA:26,1
DA:27,1
LF:27
LH:27
BRDA:6,0,0,6
BRDA:9,1,0,6
BRDA:22,2,0,6
BRDA:23,3,0,1
BRF:4
BRH:4
end_of_record
TN:
SF:src\utils\generateToken.ts
FN:6,generateToken
FNF:1
FNH:1
FNDA:1,generateToken
DA:1,1
DA:2,1
DA:3,1
DA:4,1
DA:5,1
DA:6,1
DA:7,1
DA:8,1
DA:9,1
DA:10,1
DA:11,1
DA:12,1
DA:13,1
DA:14,1
DA:15,1
DA:16,1
DA:17,1
LF:17
LH:17
BRDA:6,0,0,1
BRF:1
BRH:1
end_of_record
